<?xml version="1.0" encoding="UTF-8"?>
<!-- Generated by org.testng.reporters.JUnitXMLReporter -->
<testsuite ignored="1" hostname="DESKTOP-TTSDGRR" failures="0" tests="1" name="FireFox test" time="66.617" errors="0" timestamp="2023-04-17T09:44:32 IST">
  <testcase classname="com.demowebshop.testscript.LoginTest" name="TC_003_verifyLoginPageTitle" time="4.816"/>
  <testcase classname="com.demowebshop.testscript.LoginTest" name="TC_004_verifyInvalidLoginErrorMessage" time="0.0">
    <ignored/>
  </testcase> <!-- TC_004_verifyInvalidLoginErrorMessage -->
</testsuite> <!-- FireFox test -->
