<?xml version="1.0" encoding="UTF-8"?>
<!-- Generated by org.testng.reporters.JUnitXMLReporter -->
<testsuite ignored="4" hostname="DESKTOP-TTSDGRR" failures="0" tests="2" name="parameter testing grouping" time="38.205" errors="0" timestamp="2023-04-14T20:42:32 IST">
  <testcase classname="com.demowebshop.testscript.HomeTest" name="TC_002_verifySubscribeEmailMessage" time="22.21"/>
  <testcase classname="com.demowebshop.testscript.LoginTest" name="TC_003_verifyLoginPageTitle" time="0.811"/>
  <testcase classname="com.demowebshop.testscript.HomeTest" name="TC_001_verifyHomePageTitle" time="0.0">
    <ignored/>
  </testcase> <!-- TC_001_verifyHomePageTitle -->
  <testcase classname="com.demowebshop.testscript.RegisterTest" name="TC_001_verifyValidRegistration" time="0.0">
    <ignored/>
  </testcase> <!-- TC_001_verifyValidRegistration -->
  <testcase classname="com.demowebshop.testscript.LoginTest" name="TC_004_verifyInvalidLoginErrorMessage" time="0.0">
    <ignored/>
  </testcase> <!-- TC_004_verifyInvalidLoginErrorMessage -->
  <testcase classname="com.demowebshop.testscript.LoginTest" name="TC_005_verifyValidLoginMessage" time="0.0">
    <ignored/>
  </testcase> <!-- TC_005_verifyValidLoginMessage -->
</testsuite> <!-- parameter testing grouping -->
