<?xml version="1.0" encoding="UTF-8"?>
<!-- Generated by org.testng.reporters.JUnitXMLReporter -->
<testsuite ignored="2" hostname="DESKTOP-TTSDGRR" failures="0" tests="1" name="Default test" time="46.427" errors="0" timestamp="2023-04-17T11:22:36 IST">
  <testcase classname="com.demowebshop.testscript.LoginTest" name="TC_005_verifyValidLoginMessage" time="14.937"/>
  <testcase classname="com.demowebshop.testscript.LoginTest" name="TC_004_verifyInvalidLoginErrorMessage" time="0.0">
    <ignored/>
  </testcase> <!-- TC_004_verifyInvalidLoginErrorMessage -->
  <testcase classname="com.demowebshop.testscript.LoginTest" name="TC_003_verifyLoginPageTitle" time="0.0">
    <ignored/>
  </testcase> <!-- TC_003_verifyLoginPageTitle -->
</testsuite> <!-- Default test -->
