<?xml version="1.0" encoding="UTF-8"?>
<!-- Generated by org.testng.reporters.JUnitXMLReporter -->
<testsuite ignored="2" hostname="DESKTOP-TTSDGRR" failures="0" tests="1" name="edge-parallel testing-methods" time="12.213" errors="0" timestamp="2023-04-14T20:23:51 IST">
  <testcase classname="com.demowebshop.testscript.LoginTest" name="TC_003_verifyLoginPageTitle" time="1.007"/>
  <testcase classname="com.demowebshop.testscript.LoginTest" name="TC_004_verifyInvalidLoginErrorMessage" time="0.0">
    <ignored/>
  </testcase> <!-- TC_004_verifyInvalidLoginErrorMessage -->
  <testcase classname="com.demowebshop.testscript.LoginTest" name="TC_005_verifyValidLoginMessage" time="0.0">
    <ignored/>
  </testcase> <!-- TC_005_verifyValidLoginMessage -->
</testsuite> <!-- edge-parallel testing-methods -->
