<?xml version="1.0" encoding="UTF-8"?>
<testng-results ignored="2" total="3" passed="1" failed="0" skipped="0">
  <reporter-output>
  </reporter-output>
  <suite started-at="2023-04-17T11:21:49 IST" name="Default suite" finished-at="2023-04-17T11:22:36 IST" duration-ms="46427">
    <groups>
    </groups>
    <test started-at="2023-04-17T11:21:49 IST" name="Default test" finished-at="2023-04-17T11:22:36 IST" duration-ms="46427">
      <class name="com.demowebshop.testscript.LoginTest">
        <test-method is-config="true" signature="setExtent(org.testng.ITestContext)[pri:0, instance:com.demowebshop.testscript.LoginTest@2e385cce]" started-at="2023-04-17T11:21:49 IST" name="setExtent" finished-at="2023-04-17T11:21:49 IST" duration-ms="326" status="PASS">
          <params>
            <param index="0">
              <value>
                <![CDATA[org.testng.TestRunner@2ffb3aec]]>
              </value>
            </param>
          </params>
          <reporter-output>
          </reporter-output>
        </test-method> <!-- setExtent -->
        <test-method is-config="true" signature="setUP()[pri:0, instance:com.demowebshop.testscript.LoginTest@2e385cce]" started-at="2023-04-17T11:21:49 IST" name="setUP" finished-at="2023-04-17T11:22:19 IST" duration-ms="30156" status="PASS">
          <reporter-output>
          </reporter-output>
        </test-method> <!-- setUP -->
        <test-method signature="TC_005_verifyValidLoginMessage()[pri:1, instance:com.demowebshop.testscript.LoginTest@2e385cce]" started-at="2023-04-17T11:22:19 IST" name="TC_005_verifyValidLoginMessage" description="TC005 verify Valid Login Message" finished-at="2023-04-17T11:22:34 IST" duration-ms="14937" status="PASS">
          <reporter-output>
          </reporter-output>
        </test-method> <!-- TC_005_verifyValidLoginMessage -->
        <test-method is-config="true" signature="tearDown(org.testng.ITestResult)[pri:0, instance:com.demowebshop.testscript.LoginTest@2e385cce]" started-at="2023-04-17T11:22:34 IST" name="tearDown" finished-at="2023-04-17T11:22:36 IST" duration-ms="1264" status="PASS">
          <params>
            <param index="0">
              <value>
                <![CDATA[[TestResult name=TC_005_verifyValidLoginMessage status=SUCCESS method=LoginTest.TC_005_verifyValidLoginMessage()[pri:1, instance:com.demowebshop.testscript.LoginTest@2e385cce] output={null}]]]>
              </value>
            </param>
          </params>
          <reporter-output>
          </reporter-output>
        </test-method> <!-- tearDown -->
      </class> <!-- com.demowebshop.testscript.LoginTest -->
    </test> <!-- Default test -->
  </suite> <!-- Default suite -->
</testng-results>
