<?xml version="1.0" encoding="UTF-8"?>
<!-- Generated by org.testng.reporters.JUnitXMLReporter -->
<testsuite ignored="1" hostname="DESKTOP-TTSDGRR" failures="0" tests="1" name="chrome-parallel testing-test" time="10.238" errors="0" timestamp="2023-04-14T20:26:01 IST">
  <testcase classname="com.demowebshop.testscript.HomeTest" name="TC_001_verifyHomePageTitle" time="1.363"/>
  <testcase classname="com.demowebshop.testscript.HomeTest" name="TC_002_verifySubscribeEmailMessage" time="0.0">
    <ignored/>
  </testcase> <!-- TC_002_verifySubscribeEmailMessage -->
</testsuite> <!-- chrome-parallel testing-test -->
